0 info it worked if it ends with ok
1 verbose cli [ '/usr/bin/node',
1 verbose cli   '/usr/bin/npm',
1 verbose cli   'install',
1 verbose cli   '--save-dev',
1 verbose cli   'eslint-config-airbnb',
1 verbose cli   'eslint@^' ]
2 info using npm@3.5.2
3 info using node@v8.10.0
4 silly loadCurrentTree Starting
5 silly install loadCurrentTree
6 silly install readLocalPackageData
7 silly fetchPackageMetaData eslint-config-airbnb
8 silly fetchPackageMetaData eslint@^
9 silly fetchNamedPackageData eslint-config-airbnb
10 silly mapToRegistry name eslint-config-airbnb
11 silly mapToRegistry using default registry
12 silly mapToRegistry registry https://registry.npmjs.org/
13 silly mapToRegistry uri https://registry.npmjs.org/eslint-config-airbnb
14 silly fetchNamedPackageData eslint
15 silly mapToRegistry name eslint
16 silly mapToRegistry using default registry
17 silly mapToRegistry registry https://registry.npmjs.org/
18 silly mapToRegistry uri https://registry.npmjs.org/eslint
19 verbose request uri https://registry.npmjs.org/eslint-config-airbnb
20 verbose request no auth needed
21 info attempt registry request try #1 at 16:32:47
22 verbose request id f34310c0b15b8f62
23 verbose etag W/"f489fb681c9ebb0dd03b660d4adbed51"
24 verbose lastModified Mon, 01 Jul 2019 23:23:46 GMT
25 http request GET https://registry.npmjs.org/eslint-config-airbnb
26 verbose request uri https://registry.npmjs.org/eslint
27 verbose request no auth needed
28 info attempt registry request try #1 at 16:32:47
29 verbose etag W/"0667bed0cfa142a3df065df54aa7348f"
30 verbose lastModified Tue, 25 Jun 2019 01:45:36 GMT
31 http request GET https://registry.npmjs.org/eslint
32 http 304 https://registry.npmjs.org/eslint
33 verbose headers { date: 'Wed, 10 Jul 2019 14:32:48 GMT',
33 verbose headers   connection: 'keep-alive',
33 verbose headers   'set-cookie':
33 verbose headers    [ '__cfduid=dacf06880f9dd5b28dcac831254672bd21562769168; expires=Thu, 09-Jul-20 14:32:48 GMT; path=/; domain=.npmjs.org; HttpOnly' ],
33 verbose headers   'cf-cache-status': 'HIT',
33 verbose headers   'cache-control': 'max-age=300',
33 verbose headers   'cf-ray': '4f433fc75da6cdb3-CDG',
33 verbose headers   age: '5550',
33 verbose headers   etag: '"0667bed0cfa142a3df065df54aa7348f"',
33 verbose headers   'expect-ct': 'max-age=604800, report-uri="https://report-uri.cloudflare.com/cdn-cgi/beacon/expect-ct"',
33 verbose headers   'last-modified': 'Tue, 25 Jun 2019 01:45:36 GMT',
33 verbose headers   vary: 'accept-encoding, accept',
33 verbose headers   'x-amz-meta-rev': '704-5a6209f8b876b057d17dc95fdfd38247',
33 verbose headers   server: 'cloudflare' }
34 silly get cb [ 304,
34 silly get   { date: 'Wed, 10 Jul 2019 14:32:48 GMT',
34 silly get     connection: 'keep-alive',
34 silly get     'set-cookie':
34 silly get      [ '__cfduid=dacf06880f9dd5b28dcac831254672bd21562769168; expires=Thu, 09-Jul-20 14:32:48 GMT; path=/; domain=.npmjs.org; HttpOnly' ],
34 silly get     'cf-cache-status': 'HIT',
34 silly get     'cache-control': 'max-age=300',
34 silly get     'cf-ray': '4f433fc75da6cdb3-CDG',
34 silly get     age: '5550',
34 silly get     etag: '"0667bed0cfa142a3df065df54aa7348f"',
34 silly get     'expect-ct': 'max-age=604800, report-uri="https://report-uri.cloudflare.com/cdn-cgi/beacon/expect-ct"',
34 silly get     'last-modified': 'Tue, 25 Jun 2019 01:45:36 GMT',
34 silly get     vary: 'accept-encoding, accept',
34 silly get     'x-amz-meta-rev': '704-5a6209f8b876b057d17dc95fdfd38247',
34 silly get     server: 'cloudflare' } ]
35 verbose etag https://registry.npmjs.org/eslint from cache
36 verbose get saving eslint to /home/thomas/.npm/registry.npmjs.org/eslint/.cache.json
37 http 304 https://registry.npmjs.org/eslint-config-airbnb
38 verbose headers { date: 'Wed, 10 Jul 2019 14:32:48 GMT',
38 verbose headers   connection: 'keep-alive',
38 verbose headers   'set-cookie':
38 verbose headers    [ '__cfduid=dbecd14af4bdb60d9b45776ff252b8ed21562769168; expires=Thu, 09-Jul-20 14:32:48 GMT; path=/; domain=.npmjs.org; HttpOnly' ],
38 verbose headers   'cf-cache-status': 'HIT',
38 verbose headers   'cache-control': 'max-age=300',
38 verbose headers   'cf-ray': '4f433fc76e31a84f-CDG',
38 verbose headers   age: '808',
38 verbose headers   etag: '"f489fb681c9ebb0dd03b660d4adbed51"',
38 verbose headers   'expect-ct': 'max-age=604800, report-uri="https://report-uri.cloudflare.com/cdn-cgi/beacon/expect-ct"',
38 verbose headers   'last-modified': 'Mon, 01 Jul 2019 23:23:46 GMT',
38 verbose headers   vary: 'accept-encoding, accept',
38 verbose headers   'x-amz-meta-rev': '271-a7b04b007aab3990f4f9b460f3ca17df',
38 verbose headers   server: 'cloudflare' }
39 silly get cb [ 304,
39 silly get   { date: 'Wed, 10 Jul 2019 14:32:48 GMT',
39 silly get     connection: 'keep-alive',
39 silly get     'set-cookie':
39 silly get      [ '__cfduid=dbecd14af4bdb60d9b45776ff252b8ed21562769168; expires=Thu, 09-Jul-20 14:32:48 GMT; path=/; domain=.npmjs.org; HttpOnly' ],
39 silly get     'cf-cache-status': 'HIT',
39 silly get     'cache-control': 'max-age=300',
39 silly get     'cf-ray': '4f433fc76e31a84f-CDG',
39 silly get     age: '808',
39 silly get     etag: '"f489fb681c9ebb0dd03b660d4adbed51"',
39 silly get     'expect-ct': 'max-age=604800, report-uri="https://report-uri.cloudflare.com/cdn-cgi/beacon/expect-ct"',
39 silly get     'last-modified': 'Mon, 01 Jul 2019 23:23:46 GMT',
39 silly get     vary: 'accept-encoding, accept',
39 silly get     'x-amz-meta-rev': '271-a7b04b007aab3990f4f9b460f3ca17df',
39 silly get     server: 'cloudflare' } ]
40 verbose etag https://registry.npmjs.org/eslint-config-airbnb from cache
41 verbose get saving eslint-config-airbnb to /home/thomas/.npm/registry.npmjs.org/eslint-config-airbnb/.cache.json
42 silly fetchPackageMetaData Error: No compatible version found: eslint@^
42 silly fetchPackageMetaData Valid install targets:
42 silly fetchPackageMetaData 6.0.1, 6.0.0, 6.0.0-rc.0, 6.0.0-alpha.2, 6.0.0-alpha.1, 6.0.0-alpha.0, 5.16.0, 5.15.3, 5.15.2, 5.15.1, 5.15.0, 5.14.1, 5.14.0, 5.13.0, 5.12.1, 5.12.0, 5.11.1, 5.11.0, 5.10.0, 5.9.0, 5.8.0, 5.7.0, 5.6.1, 5.6.0, 5.5.0, 5.4.0, 5.3.0, 5.2.0, 5.1.0, 5.0.1, 5.0.0, 5.0.0-rc.0, 5.0.0-alpha.4, 5.0.0-alpha.3, 5.0.0-alpha.2, 5.0.0-alpha.1, 5.0.0-alpha.0, 4.19.1, 4.19.0, 4.18.2, 4.18.1, 4.18.0, 4.17.0, 4.16.0, 4.15.0, 4.14.0, 4.13.1, 4.13.0, 4.12.1, 4.12.0, 4.11.0, 4.10.0, 4.9.0, 4.8.0, 4.7.2, 4.7.1, 4.7.0, 4.6.1, 4.6.0, 4.5.0, 4.4.1, 4.4.0, 4.3.0, 4.2.0, 4.1.1, 4.1.0, 4.0.0, 4.0.0-rc.0, 4.0.0-beta.0, 4.0.0-alpha.2, 4.0.0-alpha.1, 4.0.0-alpha.0, 3.19.0, 3.18.0, 3.17.1, 3.17.0, 3.16.1, 3.16.0, 3.15.0, 3.14.1, 3.14.0, 3.13.1, 3.13.0, 3.12.2, 3.12.1, 3.12.0, 3.11.1, 3.11.0, 3.10.2, 3.10.1, 3.10.0, 3.9.1, 3.9.0, 3.8.1, 3.8.0, 3.7.1, 3.7.0, 3.6.1, 3.6.0, 3.5.0, 3.4.0, 3.3.1, 3.3.0, 3.2.2, 3.2.1, 3.2.0, 3.1.1, 3.1.0, 3.0.1, 3.0.0, 2.13.1, 2.13.0, 2.12.0, 2.11.1, 2.11.0, 2.10.2, 2.10.1, 2.10.0, 2.9.0, 2.8.0, 2.7.0, 2.6.0, 2.5.3, 2.5.2, 2.5.1, 2.5.0, 2.4.0, 2.3.0, 2.2.0, 2.1.0, 2.0.0, 2.0.0-rc.1, 2.0.0-rc.0, 2.0.0-beta.3, 2.0.0-beta.2, 2.0.0-beta.1, 2.0.0-alpha-2, 2.0.0-alpha-1, 1.10.3, 1.10.2, 1.10.1, 1.10.0, 1.9.0, 1.8.0, 1.7.3, 1.7.2, 1.7.1, 1.7.0, 1.6.0, 1.5.1, 1.5.0, 1.4.3, 1.4.2, 1.4.1, 1.4.0, 1.3.1, 1.3.0, 1.2.1, 1.2.0, 1.1.0, 1.0.0, 1.0.0-rc-3, 1.0.0-rc-2, 1.0.0-rc-1, 0.24.1, 0.24.0, 0.23.0, 0.22.1, 0.22.0, 0.21.2, 0.21.1, 0.21.0, 0.20.0, 0.19.0, 0.18.0, 0.17.1, 0.17.0, 0.16.2, 0.16.1, 0.16.0, 0.15.1, 0.15.0, 0.14.1, 0.14.0, 0.13.0, 0.12.0, 0.11.0, 0.11.0-alpha.0, 0.10.2, 0.10.1, 0.10.0, 0.10.0-alpha.2, 0.10.0-alpha.1, 0.10.0-alpha, 0.9.2, 0.9.1, 0.9.0, 0.8.2, 0.8.1, 0.8.0, 0.7.4, 0.7.3, 0.7.2, 0.7.1, 0.6.2, 0.6.1, 0.6.0, 0.5.1, 0.5.0, 0.4.5, 0.4.4, 0.4.3, 0.4.2, 0.4.1, 0.4.0, 0.3.0, 0.2.0, 0.1.4, 0.1.3, 0.1.2, 0.1.1, 0.1.0, 0.1.0-dev, 0.0.7, 0.0.6, 0.0.5, 0.0.4
42 silly fetchPackageMetaData
42 silly fetchPackageMetaData     at pickVersionFromRegistryDocument (/usr/share/npm/lib/fetch-package-metadata.js:156:16)
42 silly fetchPackageMetaData     at /usr/share/npm/node_modules/iferr/index.js:13:50
42 silly fetchPackageMetaData     at /usr/share/npm/lib/utils/pulse-till-done.js:19:8
42 silly fetchPackageMetaData     at saved (/usr/share/npm/lib/cache/caching-client.js:168:7)
42 silly fetchPackageMetaData     at /usr/share/npm/node_modules/graceful-fs/polyfills.js:210:7
42 silly fetchPackageMetaData     at FSReqWrap.oncomplete (fs.js:135:15)
42 silly fetchPackageMetaData  error for eslint@^ Error: No compatible version found: eslint@^
42 silly fetchPackageMetaData Valid install targets:
42 silly fetchPackageMetaData 6.0.1, 6.0.0, 6.0.0-rc.0, 6.0.0-alpha.2, 6.0.0-alpha.1, 6.0.0-alpha.0, 5.16.0, 5.15.3, 5.15.2, 5.15.1, 5.15.0, 5.14.1, 5.14.0, 5.13.0, 5.12.1, 5.12.0, 5.11.1, 5.11.0, 5.10.0, 5.9.0, 5.8.0, 5.7.0, 5.6.1, 5.6.0, 5.5.0, 5.4.0, 5.3.0, 5.2.0, 5.1.0, 5.0.1, 5.0.0, 5.0.0-rc.0, 5.0.0-alpha.4, 5.0.0-alpha.3, 5.0.0-alpha.2, 5.0.0-alpha.1, 5.0.0-alpha.0, 4.19.1, 4.19.0, 4.18.2, 4.18.1, 4.18.0, 4.17.0, 4.16.0, 4.15.0, 4.14.0, 4.13.1, 4.13.0, 4.12.1, 4.12.0, 4.11.0, 4.10.0, 4.9.0, 4.8.0, 4.7.2, 4.7.1, 4.7.0, 4.6.1, 4.6.0, 4.5.0, 4.4.1, 4.4.0, 4.3.0, 4.2.0, 4.1.1, 4.1.0, 4.0.0, 4.0.0-rc.0, 4.0.0-beta.0, 4.0.0-alpha.2, 4.0.0-alpha.1, 4.0.0-alpha.0, 3.19.0, 3.18.0, 3.17.1, 3.17.0, 3.16.1, 3.16.0, 3.15.0, 3.14.1, 3.14.0, 3.13.1, 3.13.0, 3.12.2, 3.12.1, 3.12.0, 3.11.1, 3.11.0, 3.10.2, 3.10.1, 3.10.0, 3.9.1, 3.9.0, 3.8.1, 3.8.0, 3.7.1, 3.7.0, 3.6.1, 3.6.0, 3.5.0, 3.4.0, 3.3.1, 3.3.0, 3.2.2, 3.2.1, 3.2.0, 3.1.1, 3.1.0, 3.0.1, 3.0.0, 2.13.1, 2.13.0, 2.12.0, 2.11.1, 2.11.0, 2.10.2, 2.10.1, 2.10.0, 2.9.0, 2.8.0, 2.7.0, 2.6.0, 2.5.3, 2.5.2, 2.5.1, 2.5.0, 2.4.0, 2.3.0, 2.2.0, 2.1.0, 2.0.0, 2.0.0-rc.1, 2.0.0-rc.0, 2.0.0-beta.3, 2.0.0-beta.2, 2.0.0-beta.1, 2.0.0-alpha-2, 2.0.0-alpha-1, 1.10.3, 1.10.2, 1.10.1, 1.10.0, 1.9.0, 1.8.0, 1.7.3, 1.7.2, 1.7.1, 1.7.0, 1.6.0, 1.5.1, 1.5.0, 1.4.3, 1.4.2, 1.4.1, 1.4.0, 1.3.1, 1.3.0, 1.2.1, 1.2.0, 1.1.0, 1.0.0, 1.0.0-rc-3, 1.0.0-rc-2, 1.0.0-rc-1, 0.24.1, 0.24.0, 0.23.0, 0.22.1, 0.22.0, 0.21.2, 0.21.1, 0.21.0, 0.20.0, 0.19.0, 0.18.0, 0.17.1, 0.17.0, 0.16.2, 0.16.1, 0.16.0, 0.15.1, 0.15.0, 0.14.1, 0.14.0, 0.13.0, 0.12.0, 0.11.0, 0.11.0-alpha.0, 0.10.2, 0.10.1, 0.10.0, 0.10.0-alpha.2, 0.10.0-alpha.1, 0.10.0-alpha, 0.9.2, 0.9.1, 0.9.0, 0.8.2, 0.8.1, 0.8.0, 0.7.4, 0.7.3, 0.7.2, 0.7.1, 0.6.2, 0.6.1, 0.6.0, 0.5.1, 0.5.0, 0.4.5, 0.4.4, 0.4.3, 0.4.2, 0.4.1, 0.4.0, 0.3.0, 0.2.0, 0.1.4, 0.1.3, 0.1.2, 0.1.1, 0.1.0, 0.1.0-dev, 0.0.7, 0.0.6, 0.0.5, 0.0.4
42 silly fetchPackageMetaData
42 silly fetchPackageMetaData     at pickVersionFromRegistryDocument (/usr/share/npm/lib/fetch-package-metadata.js:156:16)
42 silly fetchPackageMetaData     at /usr/share/npm/node_modules/iferr/index.js:13:50
42 silly fetchPackageMetaData     at /usr/share/npm/lib/utils/pulse-till-done.js:19:8
42 silly fetchPackageMetaData     at saved (/usr/share/npm/lib/cache/caching-client.js:168:7)
42 silly fetchPackageMetaData     at /usr/share/npm/node_modules/graceful-fs/polyfills.js:210:7
42 silly fetchPackageMetaData     at FSReqWrap.oncomplete (fs.js:135:15)
43 silly rollbackFailedOptional Starting
44 silly rollbackFailedOptional Finishing
45 silly runTopLevelLifecycles Starting
46 silly runTopLevelLifecycles Finishing
47 silly install printInstalled
48 verbose stack Error: No compatible version found: eslint@^
48 verbose stack Valid install targets:
48 verbose stack 6.0.1, 6.0.0, 6.0.0-rc.0, 6.0.0-alpha.2, 6.0.0-alpha.1, 6.0.0-alpha.0, 5.16.0, 5.15.3, 5.15.2, 5.15.1, 5.15.0, 5.14.1, 5.14.0, 5.13.0, 5.12.1, 5.12.0, 5.11.1, 5.11.0, 5.10.0, 5.9.0, 5.8.0, 5.7.0, 5.6.1, 5.6.0, 5.5.0, 5.4.0, 5.3.0, 5.2.0, 5.1.0, 5.0.1, 5.0.0, 5.0.0-rc.0, 5.0.0-alpha.4, 5.0.0-alpha.3, 5.0.0-alpha.2, 5.0.0-alpha.1, 5.0.0-alpha.0, 4.19.1, 4.19.0, 4.18.2, 4.18.1, 4.18.0, 4.17.0, 4.16.0, 4.15.0, 4.14.0, 4.13.1, 4.13.0, 4.12.1, 4.12.0, 4.11.0, 4.10.0, 4.9.0, 4.8.0, 4.7.2, 4.7.1, 4.7.0, 4.6.1, 4.6.0, 4.5.0, 4.4.1, 4.4.0, 4.3.0, 4.2.0, 4.1.1, 4.1.0, 4.0.0, 4.0.0-rc.0, 4.0.0-beta.0, 4.0.0-alpha.2, 4.0.0-alpha.1, 4.0.0-alpha.0, 3.19.0, 3.18.0, 3.17.1, 3.17.0, 3.16.1, 3.16.0, 3.15.0, 3.14.1, 3.14.0, 3.13.1, 3.13.0, 3.12.2, 3.12.1, 3.12.0, 3.11.1, 3.11.0, 3.10.2, 3.10.1, 3.10.0, 3.9.1, 3.9.0, 3.8.1, 3.8.0, 3.7.1, 3.7.0, 3.6.1, 3.6.0, 3.5.0, 3.4.0, 3.3.1, 3.3.0, 3.2.2, 3.2.1, 3.2.0, 3.1.1, 3.1.0, 3.0.1, 3.0.0, 2.13.1, 2.13.0, 2.12.0, 2.11.1, 2.11.0, 2.10.2, 2.10.1, 2.10.0, 2.9.0, 2.8.0, 2.7.0, 2.6.0, 2.5.3, 2.5.2, 2.5.1, 2.5.0, 2.4.0, 2.3.0, 2.2.0, 2.1.0, 2.0.0, 2.0.0-rc.1, 2.0.0-rc.0, 2.0.0-beta.3, 2.0.0-beta.2, 2.0.0-beta.1, 2.0.0-alpha-2, 2.0.0-alpha-1, 1.10.3, 1.10.2, 1.10.1, 1.10.0, 1.9.0, 1.8.0, 1.7.3, 1.7.2, 1.7.1, 1.7.0, 1.6.0, 1.5.1, 1.5.0, 1.4.3, 1.4.2, 1.4.1, 1.4.0, 1.3.1, 1.3.0, 1.2.1, 1.2.0, 1.1.0, 1.0.0, 1.0.0-rc-3, 1.0.0-rc-2, 1.0.0-rc-1, 0.24.1, 0.24.0, 0.23.0, 0.22.1, 0.22.0, 0.21.2, 0.21.1, 0.21.0, 0.20.0, 0.19.0, 0.18.0, 0.17.1, 0.17.0, 0.16.2, 0.16.1, 0.16.0, 0.15.1, 0.15.0, 0.14.1, 0.14.0, 0.13.0, 0.12.0, 0.11.0, 0.11.0-alpha.0, 0.10.2, 0.10.1, 0.10.0, 0.10.0-alpha.2, 0.10.0-alpha.1, 0.10.0-alpha, 0.9.2, 0.9.1, 0.9.0, 0.8.2, 0.8.1, 0.8.0, 0.7.4, 0.7.3, 0.7.2, 0.7.1, 0.6.2, 0.6.1, 0.6.0, 0.5.1, 0.5.0, 0.4.5, 0.4.4, 0.4.3, 0.4.2, 0.4.1, 0.4.0, 0.3.0, 0.2.0, 0.1.4, 0.1.3, 0.1.2, 0.1.1, 0.1.0, 0.1.0-dev, 0.0.7, 0.0.6, 0.0.5, 0.0.4
48 verbose stack
48 verbose stack     at pickVersionFromRegistryDocument (/usr/share/npm/lib/fetch-package-metadata.js:156:16)
48 verbose stack     at /usr/share/npm/node_modules/iferr/index.js:13:50
48 verbose stack     at /usr/share/npm/lib/utils/pulse-till-done.js:19:8
48 verbose stack     at saved (/usr/share/npm/lib/cache/caching-client.js:168:7)
48 verbose stack     at /usr/share/npm/node_modules/graceful-fs/polyfills.js:210:7
48 verbose stack     at FSReqWrap.oncomplete (fs.js:135:15)
49 verbose cwd /home/thomas/Documents/es6
50 error Linux 4.18.0-25-generic
51 error argv "/usr/bin/node" "/usr/bin/npm" "install" "--save-dev" "eslint-config-airbnb" "eslint@^"
52 error node v8.10.0
53 error npm  v3.5.2
54 error No compatible version found: eslint@^
54 error Valid install targets:
54 error 6.0.1, 6.0.0, 6.0.0-rc.0, 6.0.0-alpha.2, 6.0.0-alpha.1, 6.0.0-alpha.0, 5.16.0, 5.15.3, 5.15.2, 5.15.1, 5.15.0, 5.14.1, 5.14.0, 5.13.0, 5.12.1, 5.12.0, 5.11.1, 5.11.0, 5.10.0, 5.9.0, 5.8.0, 5.7.0, 5.6.1, 5.6.0, 5.5.0, 5.4.0, 5.3.0, 5.2.0, 5.1.0, 5.0.1, 5.0.0, 5.0.0-rc.0, 5.0.0-alpha.4, 5.0.0-alpha.3, 5.0.0-alpha.2, 5.0.0-alpha.1, 5.0.0-alpha.0, 4.19.1, 4.19.0, 4.18.2, 4.18.1, 4.18.0, 4.17.0, 4.16.0, 4.15.0, 4.14.0, 4.13.1, 4.13.0, 4.12.1, 4.12.0, 4.11.0, 4.10.0, 4.9.0, 4.8.0, 4.7.2, 4.7.1, 4.7.0, 4.6.1, 4.6.0, 4.5.0, 4.4.1, 4.4.0, 4.3.0, 4.2.0, 4.1.1, 4.1.0, 4.0.0, 4.0.0-rc.0, 4.0.0-beta.0, 4.0.0-alpha.2, 4.0.0-alpha.1, 4.0.0-alpha.0, 3.19.0, 3.18.0, 3.17.1, 3.17.0, 3.16.1, 3.16.0, 3.15.0, 3.14.1, 3.14.0, 3.13.1, 3.13.0, 3.12.2, 3.12.1, 3.12.0, 3.11.1, 3.11.0, 3.10.2, 3.10.1, 3.10.0, 3.9.1, 3.9.0, 3.8.1, 3.8.0, 3.7.1, 3.7.0, 3.6.1, 3.6.0, 3.5.0, 3.4.0, 3.3.1, 3.3.0, 3.2.2, 3.2.1, 3.2.0, 3.1.1, 3.1.0, 3.0.1, 3.0.0, 2.13.1, 2.13.0, 2.12.0, 2.11.1, 2.11.0, 2.10.2, 2.10.1, 2.10.0, 2.9.0, 2.8.0, 2.7.0, 2.6.0, 2.5.3, 2.5.2, 2.5.1, 2.5.0, 2.4.0, 2.3.0, 2.2.0, 2.1.0, 2.0.0, 2.0.0-rc.1, 2.0.0-rc.0, 2.0.0-beta.3, 2.0.0-beta.2, 2.0.0-beta.1, 2.0.0-alpha-2, 2.0.0-alpha-1, 1.10.3, 1.10.2, 1.10.1, 1.10.0, 1.9.0, 1.8.0, 1.7.3, 1.7.2, 1.7.1, 1.7.0, 1.6.0, 1.5.1, 1.5.0, 1.4.3, 1.4.2, 1.4.1, 1.4.0, 1.3.1, 1.3.0, 1.2.1, 1.2.0, 1.1.0, 1.0.0, 1.0.0-rc-3, 1.0.0-rc-2, 1.0.0-rc-1, 0.24.1, 0.24.0, 0.23.0, 0.22.1, 0.22.0, 0.21.2, 0.21.1, 0.21.0, 0.20.0, 0.19.0, 0.18.0, 0.17.1, 0.17.0, 0.16.2, 0.16.1, 0.16.0, 0.15.1, 0.15.0, 0.14.1, 0.14.0, 0.13.0, 0.12.0, 0.11.0, 0.11.0-alpha.0, 0.10.2, 0.10.1, 0.10.0, 0.10.0-alpha.2, 0.10.0-alpha.1, 0.10.0-alpha, 0.9.2, 0.9.1, 0.9.0, 0.8.2, 0.8.1, 0.8.0, 0.7.4, 0.7.3, 0.7.2, 0.7.1, 0.6.2, 0.6.1, 0.6.0, 0.5.1, 0.5.0, 0.4.5, 0.4.4, 0.4.3, 0.4.2, 0.4.1, 0.4.0, 0.3.0, 0.2.0, 0.1.4, 0.1.3, 0.1.2, 0.1.1, 0.1.0, 0.1.0-dev, 0.0.7, 0.0.6, 0.0.5, 0.0.4
55 error If you need help, you may report this error at:
55 error     <https://github.com/npm/npm/issues>
56 verbose exit [ 1, true ]
